find_executable: checking for pg_config... -------------------- yes

--------------------

find_header: checking for libpq-fe.h... -------------------- yes

"gcc -o conftest -I/opt/ruby/ruby-225/include/ruby-2.2.0/i686-linux -I/opt/ruby/ruby-225/include/ruby-2.2.0/ruby/backward -I/opt/ruby/ruby-225/include/ruby-2.2.0 -I. -I/usr/include  -D_FILE_OFFSET_BITS=64   -O3 -fno-fast-math -ggdb3 -Wall -Wextra -Wno-unused-parameter -Wno-parentheses -Wno-long-long -Wno-missing-field-initializers -Wunused-variable -Wpointer-arith -Wwrite-strings -Wdeclaration-after-statement -Wimplicit-function-declaration -Wdeprecated-declarations -Wno-packed-bitfield-compat conftest.c  -L/usr/lib -Wl,-R/usr/lib -L. -L/opt/ruby/ruby-225/lib -Wl,-R/opt/ruby/ruby-225/lib -L. -fstack-protector -rdynamic -Wl,-export-dynamic     -Wl,-R/opt/ruby/ruby-225/lib -L/opt/ruby/ruby-225/lib -lruby-static  -lpthread -lrt -ldl -lcrypt -lm   -lc"
checked program was:
/* begin */
1: #include "ruby.h"
2: 
3: int main(int argc, char **argv)
4: {
5:   return 0;
6: }
/* end */

"gcc -E -I/opt/ruby/ruby-225/include/ruby-2.2.0/i686-linux -I/opt/ruby/ruby-225/include/ruby-2.2.0/ruby/backward -I/opt/ruby/ruby-225/include/ruby-2.2.0 -I. -I/usr/include  -D_FILE_OFFSET_BITS=64   -O3 -fno-fast-math -ggdb3 -Wall -Wextra -Wno-unused-parameter -Wno-parentheses -Wno-long-long -Wno-missing-field-initializers -Wunused-variable -Wpointer-arith -Wwrite-strings -Wdeclaration-after-statement -Wimplicit-function-declaration -Wdeprecated-declarations -Wno-packed-bitfield-compat  conftest.c -o conftest.i"
checked program was:
/* begin */
1: #include "ruby.h"
2: 
3: #include <libpq-fe.h>
/* end */

--------------------

find_header: checking for libpq/libpq-fs.h... -------------------- yes

"gcc -E -I/opt/ruby/ruby-225/include/ruby-2.2.0/i686-linux -I/opt/ruby/ruby-225/include/ruby-2.2.0/ruby/backward -I/opt/ruby/ruby-225/include/ruby-2.2.0 -I. -I/usr/include  -D_FILE_OFFSET_BITS=64   -O3 -fno-fast-math -ggdb3 -Wall -Wextra -Wno-unused-parameter -Wno-parentheses -Wno-long-long -Wno-missing-field-initializers -Wunused-variable -Wpointer-arith -Wwrite-strings -Wdeclaration-after-statement -Wimplicit-function-declaration -Wdeprecated-declarations -Wno-packed-bitfield-compat  conftest.c -o conftest.i"
checked program was:
/* begin */
1: #include "ruby.h"
2: 
3: #include <libpq/libpq-fs.h>
/* end */

--------------------

find_header: checking for pg_config_manual.h... -------------------- yes

"gcc -E -I/opt/ruby/ruby-225/include/ruby-2.2.0/i686-linux -I/opt/ruby/ruby-225/include/ruby-2.2.0/ruby/backward -I/opt/ruby/ruby-225/include/ruby-2.2.0 -I. -I/usr/include  -D_FILE_OFFSET_BITS=64   -O3 -fno-fast-math -ggdb3 -Wall -Wextra -Wno-unused-parameter -Wno-parentheses -Wno-long-long -Wno-missing-field-initializers -Wunused-variable -Wpointer-arith -Wwrite-strings -Wdeclaration-after-statement -Wimplicit-function-declaration -Wdeprecated-declarations -Wno-packed-bitfield-compat  conftest.c -o conftest.i"
checked program was:
/* begin */
1: #include "ruby.h"
2: 
3: #include <pg_config_manual.h>
/* end */

--------------------

have_library: checking for PQconnectdb() in -lpq... -------------------- yes

"gcc -o conftest -I/opt/ruby/ruby-225/include/ruby-2.2.0/i686-linux -I/opt/ruby/ruby-225/include/ruby-2.2.0/ruby/backward -I/opt/ruby/ruby-225/include/ruby-2.2.0 -I. -I/usr/include  -D_FILE_OFFSET_BITS=64   -O3 -fno-fast-math -ggdb3 -Wall -Wextra -Wno-unused-parameter -Wno-parentheses -Wno-long-long -Wno-missing-field-initializers -Wunused-variable -Wpointer-arith -Wwrite-strings -Wdeclaration-after-statement -Wimplicit-function-declaration -Wdeprecated-declarations -Wno-packed-bitfield-compat conftest.c  -L/usr/lib -Wl,-R/usr/lib -L. -L/opt/ruby/ruby-225/lib -Wl,-R/opt/ruby/ruby-225/lib -L. -fstack-protector -rdynamic -Wl,-export-dynamic     -Wl,-R/opt/ruby/ruby-225/lib -L/opt/ruby/ruby-225/lib -lruby-static -lpq  -lpthread -lrt -ldl -lcrypt -lm   -lc"
checked program was:
/* begin */
 1: #include "ruby.h"
 2: 
 3: #include <libpq-fe.h>
 4: 
 5: /*top*/
 6: extern int t(void);
 7: int main(int argc, char **argv)
 8: {
 9:   if (argc > 1000000) {
10:     printf("%p", &t);
11:   }
12: 
13:   return 0;
14: }
15: int t(void) { void ((*volatile p)()); p = (void ((*)()))PQconnectdb; return 0; }
/* end */

--------------------

have_func: checking for PQsetSingleRowMode()... -------------------- no

"gcc -o conftest -I/opt/ruby/ruby-225/include/ruby-2.2.0/i686-linux -I/opt/ruby/ruby-225/include/ruby-2.2.0/ruby/backward -I/opt/ruby/ruby-225/include/ruby-2.2.0 -I. -I/usr/include  -D_FILE_OFFSET_BITS=64   -O3 -fno-fast-math -ggdb3 -Wall -Wextra -Wno-unused-parameter -Wno-parentheses -Wno-long-long -Wno-missing-field-initializers -Wunused-variable -Wpointer-arith -Wwrite-strings -Wdeclaration-after-statement -Wimplicit-function-declaration -Wdeprecated-declarations -Wno-packed-bitfield-compat conftest.c  -L/usr/lib -Wl,-R/usr/lib -L. -L/opt/ruby/ruby-225/lib -Wl,-R/opt/ruby/ruby-225/lib -L. -fstack-protector -rdynamic -Wl,-export-dynamic    -lpq  -Wl,-R/opt/ruby/ruby-225/lib -L/opt/ruby/ruby-225/lib -lruby-static -lpq  -lpthread -lrt -ldl -lcrypt -lm   -lc"
conftest.c: In function 't':
conftest.c:13: error: 'PQsetSingleRowMode' undeclared (first use in this function)
conftest.c:13: error: (Each undeclared identifier is reported only once
conftest.c:13: error: for each function it appears in.)
checked program was:
/* begin */
 1: #include "ruby.h"
 2: 
 3: /*top*/
 4: extern int t(void);
 5: int main(int argc, char **argv)
 6: {
 7:   if (argc > 1000000) {
 8:     printf("%p", &t);
 9:   }
10: 
11:   return 0;
12: }
13: int t(void) { void ((*volatile p)()); p = (void ((*)()))PQsetSingleRowMode; return 0; }
/* end */

"gcc -o conftest -I/opt/ruby/ruby-225/include/ruby-2.2.0/i686-linux -I/opt/ruby/ruby-225/include/ruby-2.2.0/ruby/backward -I/opt/ruby/ruby-225/include/ruby-2.2.0 -I. -I/usr/include  -D_FILE_OFFSET_BITS=64   -O3 -fno-fast-math -ggdb3 -Wall -Wextra -Wno-unused-parameter -Wno-parentheses -Wno-long-long -Wno-missing-field-initializers -Wunused-variable -Wpointer-arith -Wwrite-strings -Wdeclaration-after-statement -Wimplicit-function-declaration -Wdeprecated-declarations -Wno-packed-bitfield-compat conftest.c  -L/usr/lib -Wl,-R/usr/lib -L. -L/opt/ruby/ruby-225/lib -Wl,-R/opt/ruby/ruby-225/lib -L. -fstack-protector -rdynamic -Wl,-export-dynamic    -lpq  -Wl,-R/opt/ruby/ruby-225/lib -L/opt/ruby/ruby-225/lib -lruby-static -lpq  -lpthread -lrt -ldl -lcrypt -lm   -lc"
conftest.c: In function 't':
conftest.c:13: warning: implicit declaration of function 'PQsetSingleRowMode'
/tmp/ccpwc38n.o: In function `t':
/home/anabtate/mi_gran_empresa/vendor/bundle/ruby/2.2.0/gems/pg-1.1.3/ext/conftest.c:13: undefined reference to `PQsetSingleRowMode'
collect2: ld returned 1 exit status
checked program was:
/* begin */
 1: #include "ruby.h"
 2: 
 3: /*top*/
 4: extern int t(void);
 5: int main(int argc, char **argv)
 6: {
 7:   if (argc > 1000000) {
 8:     printf("%p", &t);
 9:   }
10: 
11:   return 0;
12: }
13: int t(void) { PQsetSingleRowMode(); return 0; }
/* end */

--------------------

