have_func: checking for rb_enc_raise() in ruby.h... -------------------- yes

"gcc -o conftest -I/opt/ruby/ruby-225/include/ruby-2.2.0/i686-linux -I/opt/ruby/ruby-225/include/ruby-2.2.0/ruby/backward -I/opt/ruby/ruby-225/include/ruby-2.2.0 -I.  -D_FILE_OFFSET_BITS=64   -O3 -fno-fast-math -ggdb3 -Wall -Wextra -Wno-unused-parameter -Wno-parentheses -Wno-long-long -Wno-missing-field-initializers -Wunused-variable -Wpointer-arith -Wwrite-strings -Wdeclaration-after-statement -Wimplicit-function-declaration -Wdeprecated-declarations -Wno-packed-bitfield-compat conftest.c  -L. -L/opt/ruby/ruby-225/lib -Wl,-R/opt/ruby/ruby-225/lib -L. -fstack-protector -rdynamic -Wl,-export-dynamic     -Wl,-R/opt/ruby/ruby-225/lib -L/opt/ruby/ruby-225/lib -lruby-static  -lpthread -lrt -ldl -lcrypt -lm   -lc"
checked program was:
/* begin */
1: #include "ruby.h"
2: 
3: int main(int argc, char **argv)
4: {
5:   return 0;
6: }
/* end */

"gcc -o conftest -I/opt/ruby/ruby-225/include/ruby-2.2.0/i686-linux -I/opt/ruby/ruby-225/include/ruby-2.2.0/ruby/backward -I/opt/ruby/ruby-225/include/ruby-2.2.0 -I.  -D_FILE_OFFSET_BITS=64   -O3 -fno-fast-math -ggdb3 -Wall -Wextra -Wno-unused-parameter -Wno-parentheses -Wno-long-long -Wno-missing-field-initializers -Wunused-variable -Wpointer-arith -Wwrite-strings -Wdeclaration-after-statement -Wimplicit-function-declaration -Wdeprecated-declarations -Wno-packed-bitfield-compat conftest.c  -L. -L/opt/ruby/ruby-225/lib -Wl,-R/opt/ruby/ruby-225/lib -L. -fstack-protector -rdynamic -Wl,-export-dynamic     -Wl,-R/opt/ruby/ruby-225/lib -L/opt/ruby/ruby-225/lib -lruby-static  -lpthread -lrt -ldl -lcrypt -lm   -lc"
conftest.c: In function ‘t’:
conftest.c:15: error: ‘rb_enc_raise’ undeclared (first use in this function)
conftest.c:15: error: (Each undeclared identifier is reported only once
conftest.c:15: error: for each function it appears in.)
checked program was:
/* begin */
 1: #include "ruby.h"
 2: 
 3: #include <ruby.h>
 4: 
 5: /*top*/
 6: extern int t(void);
 7: int main(int argc, char **argv)
 8: {
 9:   if (argc > 1000000) {
10:     printf("%p", &t);
11:   }
12: 
13:   return 0;
14: }
15: int t(void) { void ((*volatile p)()); p = (void ((*)()))rb_enc_raise; return 0; }
/* end */

"gcc -o conftest -I/opt/ruby/ruby-225/include/ruby-2.2.0/i686-linux -I/opt/ruby/ruby-225/include/ruby-2.2.0/ruby/backward -I/opt/ruby/ruby-225/include/ruby-2.2.0 -I.  -D_FILE_OFFSET_BITS=64   -O3 -fno-fast-math -ggdb3 -Wall -Wextra -Wno-unused-parameter -Wno-parentheses -Wno-long-long -Wno-missing-field-initializers -Wunused-variable -Wpointer-arith -Wwrite-strings -Wdeclaration-after-statement -Wimplicit-function-declaration -Wdeprecated-declarations -Wno-packed-bitfield-compat conftest.c  -L. -L/opt/ruby/ruby-225/lib -Wl,-R/opt/ruby/ruby-225/lib -L. -fstack-protector -rdynamic -Wl,-export-dynamic     -Wl,-R/opt/ruby/ruby-225/lib -L/opt/ruby/ruby-225/lib -lruby-static  -lpthread -lrt -ldl -lcrypt -lm   -lc"
conftest.c: In function ‘t’:
conftest.c:15: warning: implicit declaration of function ‘rb_enc_raise’
checked program was:
/* begin */
 1: #include "ruby.h"
 2: 
 3: #include <ruby.h>
 4: 
 5: /*top*/
 6: extern int t(void);
 7: int main(int argc, char **argv)
 8: {
 9:   if (argc > 1000000) {
10:     printf("%p", &t);
11:   }
12: 
13:   return 0;
14: }
15: int t(void) { rb_enc_raise(); return 0; }
/* end */

--------------------

